This is e-pTeX, Version 3.14159265-p3.8.2-190131-2.6 (utf8.euc) (TeX Live 2019) (preloaded format=platex 2020.1.7)  23 MAY 2020 21:37
entering extended mode
 restricted \write18 enabled.
 %&-line parsing enabled.
**jsims-taikai-2020.tex
(./jsims-taikai-2020.tex
pLaTeX2e <2019-10-01>+1 (based on LaTeX2e <2019-10-01> patch level 3)
(/usr/local/texlive/2019/texmf-dist/tex/latex/a0poster/a0poster.cls
Document Class: a0poster 2004/01/31 v1.22b a0poster class (GK, MW)
(/usr/local/texlive/2019/texmf-dist/tex/latex/base/article.cls
Document Class: article 2019/10/25 v1.4k Standard LaTeX document class
(/usr/local/texlive/2019/texmf-dist/tex/latex/base/size10.clo
File: size10.clo 2019/10/25 v1.4k Standard LaTeX file (size option)
)
\c@part=\count83
\c@section=\count84
\c@subsection=\count85
\c@subsubsection=\count86
\c@paragraph=\count87
\c@subparagraph=\count88
\c@figure=\count89
\c@table=\count90
\abovecaptionskip=\skip41
\belowcaptionskip=\skip42
\bibindent=\dimen118
)
\xkoord=\count91
\ykoord=\count92
\xscale=\count93
\yscale=\count94


Package a0poster Warning: Unknown Option oldgerm on input line 88.

\tausch=\dimen119
\Ausgabe=\write3
\openout3 = `a0header.ps'.

(/usr/local/texlive/2019/texmf-dist/tex/latex/a0poster/a0size.sty
File: a0size.sty 2004/01/31 v1.22b a0poster class (GK, MW)
LaTeX Font Info:    Redeclaring symbol font `largesymbols' on input line 229.
LaTeX Font Info:    Overwriting symbol font `largesymbols' in version `normal'
(Font)                  OMX/cmex/m/n --> OMX/cmex/m/n on input line 229.
LaTeX Font Info:    Overwriting symbol font `largesymbols' in version `bold'
(Font)                  OMX/cmex/m/n --> OMX/cmex/m/n on input line 229.
\big@size=\dimen120
))
(/usr/local/texlive/2019/texmf-dist/tex/latex/ascmac/ascmac.sty
Package: ascmac 2018/03/09 v2.0h ascmac wrapper (community edition) 

(/usr/local/texlive/2019/texmf-dist/tex/latex/ascmac/tascmac.sty
Package: tascmac 2018/03/09 v2.0h ascmac package (community edition) 
\@savetbaselineshift=\dimen121
\@saveybaselineshift=\dimen122
\scb@x=\box43
\scscb@x=\box44
\@bw=\dimen123
\@nbox=\box45
\@nbody=\box46
\@scw=\dimen124
\ascmac@hoboxa=\box47
\ascmac@hoboxb=\box48
\@itemh=\dimen125
\@iboxpos=\toks15
\@iboxstr=\box49
\@bwsp=\box50
\@@bwsp=\box51
\@bcal=\count95
\shaderule=\dimen126
))
(/usr/local/texlive/2019/texmf-dist/tex/latex/amsmath/amsmath.sty
Package: amsmath 2019/11/16 v2.17d AMS math features
\@mathmargin=\skip43

For additional information on amsmath, use the `?' option.
(/usr/local/texlive/2019/texmf-dist/tex/latex/amsmath/amstext.sty
Package: amstext 2000/06/29 v2.01 AMS text

(/usr/local/texlive/2019/texmf-dist/tex/latex/amsmath/amsgen.sty
File: amsgen.sty 1999/11/30 v2.0 generic functions
\@emptytoks=\toks16
\ex@=\dimen127
))
(/usr/local/texlive/2019/texmf-dist/tex/latex/amsmath/amsbsy.sty
Package: amsbsy 1999/11/29 v1.2d Bold Symbols
\pmbraise@=\dimen128
)
(/usr/local/texlive/2019/texmf-dist/tex/latex/amsmath/amsopn.sty
Package: amsopn 2016/03/08 v2.02 operator names
)
\inf@bad=\count96
LaTeX Info: Redefining \frac on input line 227.
\uproot@=\count97
\leftroot@=\count98
LaTeX Info: Redefining \overline on input line 389.
\classnum@=\count99
\DOTSCASE@=\count100
LaTeX Info: Redefining \ldots on input line 486.
LaTeX Info: Redefining \dots on input line 489.
LaTeX Info: Redefining \cdots on input line 610.
\Mathstrutbox@=\box52
\strutbox@=\box53
\big@size=\dimen129
LaTeX Font Info:    Redeclaring font encoding OML on input line 733.
LaTeX Font Info:    Redeclaring font encoding OMS on input line 734.
\macc@depth=\count101
\c@MaxMatrixCols=\count102
\dotsspace@=\muskip10
\c@parentequation=\count103
\dspbrk@lvl=\count104
\tag@help=\toks17
\row@=\count105
\column@=\count106
\maxfields@=\count107
\andhelp@=\toks18
\eqnshift@=\dimen130
\alignsep@=\dimen131
\tagshift@=\dimen132
\tagwidth@=\dimen133
\totwidth@=\dimen134
\lineht@=\dimen135
\@envbody=\toks19
\multlinegap=\skip44
\multlinetaggap=\skip45
\mathdisplay@stack=\toks20
LaTeX Info: Redefining \[ on input line 2858.
LaTeX Info: Redefining \] on input line 2859.
)
(/usr/local/texlive/2019/texmf-dist/tex/latex/tools/bm.sty
Package: bm 2019/07/24 v1.2d Bold Symbol Support (DPC/FMi)
\symboldoperators=\mathgroup4
\symboldletters=\mathgroup5
\symboldsymbols=\mathgroup6
LaTeX Font Info:    Redeclaring math alphabet \mathbf on input line 141.
LaTeX Info: Redefining \bm on input line 209.
) (./bnf.sty
Style-Option: `bnf' v1.1a <92/01/30> (Hugh Osborne/br)
) (/usr/local/texlive/2019/texmf-dist/tex/latex/graphics/graphicx.sty
Package: graphicx 2017/06/01 v1.1a Enhanced LaTeX Graphics (DPC,SPQR)

(/usr/local/texlive/2019/texmf-dist/tex/latex/graphics/keyval.sty
Package: keyval 2014/10/28 v1.15 key=value parser (DPC)
\KV@toks@=\toks21
)
(/usr/local/texlive/2019/texmf-dist/tex/latex/graphics/graphics.sty
Package: graphics 2019/11/01 v1.3d Standard LaTeX Graphics (DPC,SPQR)

(/usr/local/texlive/2019/texmf-dist/tex/latex/graphics/trig.sty
Package: trig 2016/01/03 v1.10 sin cos tan (DPC)
)
(/usr/local/texlive/2019/texmf-dist/tex/latex/graphics-cfg/graphics.cfg
File: graphics.cfg 2016/06/04 v1.11 sample graphics configuration
)
Package graphics Info: Driver file: dvips.def on input line 105.

(/usr/local/texlive/2019/texmf-dist/tex/latex/graphics-def/dvips.def
File: dvips.def 2017/06/20 v3.1d Graphics/color driver for dvips
))
\Gin@req@height=\dimen136
\Gin@req@width=\dimen137
)
(/usr/local/texlive/2019/texmf-dist/tex/latex/graphics/epsfig.sty
Package: epsfig 2017/06/25 v1.7b (e)psfig emulation (SPQR)
\epsfxsize=\dimen138
\epsfysize=\dimen139
)
(/usr/local/texlive/2019/texmf-dist/tex/latex/xcolor/xcolor.sty
Package: xcolor 2016/05/11 v2.12 LaTeX color extensions (UK)

(/usr/local/texlive/2019/texmf-dist/tex/latex/graphics-cfg/color.cfg
File: color.cfg 2016/01/02 v1.6 sample color configuration
)
Package xcolor Info: Driver file: dvips.def on input line 225.
Package xcolor Info: Model `cmy' substituted by `cmy0' on input line 1348.
Package xcolor Info: Model `RGB' extended on input line 1364.
Package xcolor Info: Model `HTML' substituted by `rgb' on input line 1366.
Package xcolor Info: Model `Hsb' substituted by `hsb' on input line 1367.
Package xcolor Info: Model `tHsb' substituted by `hsb' on input line 1368.
Package xcolor Info: Model `HSB' substituted by `hsb' on input line 1369.
Package xcolor Info: Model `Gray' substituted by `gray' on input line 1370.
Package xcolor Info: Model `wave' substituted by `hsb' on input line 1371.
)
(/usr/local/texlive/2019/texmf-dist/tex/latex/lipsum/lipsum.sty
(/usr/local/texlive/2019/texmf-dist/tex/latex/l3kernel/expl3.sty
Package: expl3 2019-11-07 L3 programming layer (loader) 

(/usr/local/texlive/2019/texmf-dist/tex/latex/l3kernel/expl3-code.tex
Package: expl3 2019-11-07 L3 programming layer (code)
\c_max_int=\count108
\l_tmpa_int=\count109
\l_tmpb_int=\count110
\g_tmpa_int=\count111
\g_tmpb_int=\count112
\l__seq_internal_a_int=\count113
\l__seq_internal_b_int=\count114
\g__kernel_prg_map_int=\count115
\c__ior_term_noprompt_ior=\count116
\c_log_iow=\count117
\l_iow_line_count_int=\count118
\l__iow_line_target_int=\count119
\l__iow_one_indent_int=\count120
\l__iow_indent_int=\count121
\c_zero_dim=\dimen140
\c_max_dim=\dimen141
\l_tmpa_dim=\dimen142
\l_tmpb_dim=\dimen143
\g_tmpa_dim=\dimen144
\g_tmpb_dim=\dimen145
\c_zero_skip=\skip46
\c_max_skip=\skip47
\l_tmpa_skip=\skip48
\l_tmpb_skip=\skip49
\g_tmpa_skip=\skip50
\g_tmpb_skip=\skip51
\c_zero_muskip=\muskip11
\c_max_muskip=\muskip12
\l_tmpa_muskip=\muskip13
\l_tmpb_muskip=\muskip14
\g_tmpa_muskip=\muskip15
\g_tmpb_muskip=\muskip16
\l_keys_choice_int=\count122
\l__intarray_loop_int=\count123
\c__intarray_sp_dim=\dimen146
\g__intarray_font_int=\count124
\c__fp_leading_shift_int=\count125
\c__fp_middle_shift_int=\count126
\c__fp_trailing_shift_int=\count127
\c__fp_big_leading_shift_int=\count128
\c__fp_big_middle_shift_int=\count129
\c__fp_big_trailing_shift_int=\count130
\c__fp_Bigg_leading_shift_int=\count131
\c__fp_Bigg_middle_shift_int=\count132
\c__fp_Bigg_trailing_shift_int=\count133
\g__fp_array_int=\count134
\l__fp_array_loop_int=\count135
\l__sort_length_int=\count136
\l__sort_min_int=\count137
\l__sort_top_int=\count138
\l__sort_max_int=\count139
\l__sort_true_max_int=\count140
\l__sort_block_int=\count141
\l__sort_begin_int=\count142
\l__sort_end_int=\count143
\l__sort_A_int=\count144
\l__sort_B_int=\count145
\l__sort_C_int=\count146
\l__str_internal_int=\count147
\l__tl_analysis_normal_int=\count148
\l__tl_analysis_index_int=\count149
\l__tl_analysis_nesting_int=\count150
\l__tl_analysis_type_int=\count151
\l__regex_internal_a_int=\count152
\l__regex_internal_b_int=\count153
\l__regex_internal_c_int=\count154
\l__regex_balance_int=\count155
\l__regex_group_level_int=\count156
\l__regex_mode_int=\count157
\c__regex_cs_in_class_mode_int=\count158
\c__regex_cs_mode_int=\count159
\l__regex_catcodes_int=\count160
\l__regex_default_catcodes_int=\count161
\c__regex_catcode_L_int=\count162
\c__regex_catcode_O_int=\count163
\c__regex_catcode_A_int=\count164
\c__regex_all_catcodes_int=\count165
\l__regex_show_lines_int=\count166
\l__regex_min_state_int=\count167
\l__regex_max_state_int=\count168
\l__regex_left_state_int=\count169
\l__regex_right_state_int=\count170
\l__regex_capturing_group_int=\count171
\l__regex_min_pos_int=\count172
\l__regex_max_pos_int=\count173
\l__regex_curr_pos_int=\count174
\l__regex_start_pos_int=\count175
\l__regex_success_pos_int=\count176
\l__regex_curr_char_int=\count177
\l__regex_curr_catcode_int=\count178
\l__regex_last_char_int=\count179
\l__regex_case_changed_char_int=\count180
\l__regex_curr_state_int=\count181
\l__regex_step_int=\count182
\l__regex_min_active_int=\count183
\l__regex_max_active_int=\count184
\l__regex_replacement_csnames_int=\count185
\l__regex_match_count_int=\count186
\l__regex_min_submatch_int=\count187
\l__regex_submatch_int=\count188
\l__regex_zeroth_submatch_int=\count189
\g__regex_trace_regex_int=\count190
\c_empty_box=\box54
\l_tmpa_box=\box55
\l_tmpb_box=\box56
\g_tmpa_box=\box57
\g_tmpb_box=\box58
\l__box_top_dim=\dimen147
\l__box_bottom_dim=\dimen148
\l__box_left_dim=\dimen149
\l__box_right_dim=\dimen150
\l__box_top_new_dim=\dimen151
\l__box_bottom_new_dim=\dimen152
\l__box_left_new_dim=\dimen153
\l__box_right_new_dim=\dimen154
\l__box_internal_box=\box59
\l__coffin_internal_box=\box60
\l__coffin_internal_dim=\dimen155
\l__coffin_offset_x_dim=\dimen156
\l__coffin_offset_y_dim=\dimen157
\l__coffin_x_dim=\dimen158
\l__coffin_y_dim=\dimen159
\l__coffin_x_prime_dim=\dimen160
\l__coffin_y_prime_dim=\dimen161
\c_empty_coffin=\box61
\l__coffin_aligned_coffin=\box62
\l__coffin_aligned_internal_coffin=\box63
\l_tmpa_coffin=\box64
\l_tmpb_coffin=\box65
\g_tmpa_coffin=\box66
\g_tmpb_coffin=\box67
\l__coffin_bounding_shift_dim=\dimen162
\l__coffin_left_corner_dim=\dimen163
\l__coffin_right_corner_dim=\dimen164
\l__coffin_bottom_corner_dim=\dimen165
\l__coffin_top_corner_dim=\dimen166
\l__coffin_scaled_total_height_dim=\dimen167
\l__coffin_scaled_width_dim=\dimen168
\c__coffin_empty_coffin=\box68
\l__coffin_display_coffin=\box69
\l__coffin_display_coord_coffin=\box70
\l__coffin_display_pole_coffin=\box71
\l__coffin_display_offset_dim=\dimen169
\l__coffin_display_x_dim=\dimen170
\l__coffin_display_y_dim=\dimen171
\g__char_data_ior=\read1

(/usr/local/texlive/2019/texmf-dist/tex/latex/l3kernel/l3deprecation.def
File: l3deprecation.def 2019-04-06 v L3 Deprecated functions
))
(/usr/local/texlive/2019/texmf-dist/tex/latex/l3backend/l3backend-dvips.def
File: l3backend-dvips.def 2019-04-06 L3 backend support: dvips
\l__pdf_internal_box=\box72
\g__pdf_backend_object_int=\count191
\l__pdf_backend_content_box=\box73
\l__pdf_backend_model_box=\box74
\g__pdf_backend_annotation_int=\count192
\g__pdf_backend_link_int=\count193
\g__pdf_backend_link_sf_int=\count194
))
(/usr/local/texlive/2019/texmf-dist/tex/latex/l3packages/xparse/xparse.sty
Package: xparse 2019-10-11 L3 Experimental document command parser
\l__xparse_current_arg_int=\count195
\g__xparse_grabber_int=\count196
\l__xparse_m_args_int=\count197
\l__xparse_v_nesting_int=\count198
)
Package: lipsum 2019/01/02 v2.2 150 paragraphs of Lorem Ipsum dummy text

(/usr/local/texlive/2019/texmf-dist/tex/latex/lipsum/lipsum.ltd.tex
File: lipsum.ltd.tex 2019/01/02 v2.2 The Lorem ipsum dummy text
))
(/usr/local/texlive/2019/texmf-dist/tex/latex/tools/multicol.sty
Package: multicol 2019/03/01 v1.8w multicolumn formatting (FMi)
\c@tracingmulticols=\count199
\mult@box=\box75
\multicol@leftmargin=\dimen172
\c@unbalance=\count266
\c@collectmore=\count267
\doublecol@number=\count268
\multicoltolerance=\count269
\multicolpretolerance=\count270
\full@width=\dimen173
\page@free=\dimen174
\premulticols=\dimen175
\postmulticols=\dimen176
\multicolsep=\skip52
\multicolbaselineskip=\skip53
\partial@page=\box76
\last@line=\box77
\maxbalancingoverflow=\dimen177
\mult@rightbox=\box78
\mult@grightbox=\box79
\mult@gfirstbox=\box80
\mult@firstbox=\box81
\@tempa=\box82
\@tempa=\box83
\@tempa=\box84
\@tempa=\box85
\@tempa=\box86
\@tempa=\box87
\@tempa=\box88
\@tempa=\box89
\@tempa=\box90
\@tempa=\box91
\@tempa=\box92
\@tempa=\box93
\@tempa=\box94
\@tempa=\box95
\@tempa=\box96
\@tempa=\box97
\@tempa=\box98
\c@minrows=\count271
\c@columnbadness=\count272
\c@finalcolumnbadness=\count273
\last@try=\dimen178
\multicolovershoot=\dimen179
\multicolundershoot=\dimen180
\mult@nat@firstbox=\box99
\colbreak@box=\box100
\mc@col@check@num=\count274
)
(/usr/local/texlive/2019/texmf-dist/tex/latex/multirow/multirow.sty
Package: multirow 2019/05/31 v2.5 Span multiple rows of a table
\multirow@colwidth=\skip54
\multirow@cntb=\count275
\multirow@dima=\skip55
\bigstrutjot=\dimen181
)
(/usr/local/texlive/2019/texmf-dist/tex/latex/wallpaper/wallpaper.sty
Package: wallpaper 2005/01/18, v1.01 easy wallpaper formatting (MHFW)

(/usr/local/texlive/2019/texmf-dist/tex/latex/base/ifthen.sty
Package: ifthen 2014/09/29 v1.1c Standard LaTeX ifthen package (DPC)
)
(/usr/local/texlive/2019/texmf-dist/tex/latex/tools/calc.sty
Package: calc 2017/05/25 v4.3 Infix arithmetic (KKT,FJ)
\calc@Acount=\count276
\calc@Bcount=\count277
\calc@Adimen=\dimen182
\calc@Bdimen=\dimen183
\calc@Askip=\skip56
\calc@Bskip=\skip57
LaTeX Info: Redefining \setlength on input line 80.
LaTeX Info: Redefining \addtolength on input line 81.
\calc@Ccount=\count278
\calc@Cskip=\skip58
)
(/usr/local/texlive/2019/texmf-dist/tex/latex/eso-pic/eso-pic.sty
Package: eso-pic 2018/04/12 v2.0h eso-pic (RN)

(/usr/local/texlive/2019/texmf-dist/tex/generic/atbegshi/atbegshi.sty
Package: atbegshi 2019/12/05 v1.19 At begin shipout hook (HO)

(/usr/local/texlive/2019/texmf-dist/tex/generic/infwarerr/infwarerr.sty
Package: infwarerr 2019/12/03 v1.5 Providing info/warning/error messages (HO)
)
(/usr/local/texlive/2019/texmf-dist/tex/generic/ltxcmds/ltxcmds.sty
Package: ltxcmds 2019/12/15 v1.24 LaTeX kernel commands for general use (HO)
)
(/usr/local/texlive/2019/texmf-dist/tex/generic/iftex/iftex.sty
Package: iftex 2019/11/07 v1.0c TeX engine tests
)))
\wpXoffset=\skip59
\wpYoffset=\skip60
\tileXoffset=\skip61
\tileYoffset=\skip62
\tilewidth=\skip63
\tileheight=\skip64
\tileX=\skip65
\tileY=\skip66
)
(./colordef.01.tex) (./jsims-taikai-2020.aux)
\openout1 = `jsims-taikai-2020.aux'.

LaTeX Font Info:    Checking defaults for OML/cmm/m/it on input line 32.
LaTeX Font Info:    ... okay on input line 32.
LaTeX Font Info:    Checking defaults for T1/cmr/m/n on input line 32.
LaTeX Font Info:    ... okay on input line 32.
LaTeX Font Info:    Checking defaults for OT1/cmr/m/n on input line 32.
LaTeX Font Info:    ... okay on input line 32.
LaTeX Font Info:    Checking defaults for OMS/cmsy/m/n on input line 32.
LaTeX Font Info:    ... okay on input line 32.
LaTeX Font Info:    Checking defaults for OMX/cmex/m/n on input line 32.
LaTeX Font Info:    ... okay on input line 32.
LaTeX Font Info:    Checking defaults for U/cmr/m/n on input line 32.
LaTeX Font Info:    ... okay on input line 32.
LaTeX Font Info:    Checking defaults for JY1/mc/m/n on input line 32.
LaTeX Font Info:    ... okay on input line 32.
LaTeX Font Info:    Checking defaults for JT1/mc/m/n on input line 32.
LaTeX Font Info:    ... okay on input line 32.
\AtBeginShipoutBox=\box101


LaTeX Font Warning: Font shape `OT1/cmr/m/n' in size <90> not available
(Font)              size <89.16> substituted on input line 47.


LaTeX Font Warning: Font shape `OT1/cmr/m/n' in size <50> not available
(Font)              size <51.6> substituted on input line 60.

LaTeX Font Info:    Calculating math sizes for size <50> on input line 61.

LaTeX Font Warning: Font shape `OT1/cmr/m/n' in size <34.99985> not available
(Font)              size <35.83> substituted on input line 61.


LaTeX Font Warning: Font shape `OML/cmm/m/it' in size <50> not available
(Font)              size <51.6> substituted on input line 61.


LaTeX Font Warning: Font shape `OML/cmm/m/it' in size <34.99985> not available
(Font)              size <35.83> substituted on input line 61.


LaTeX Font Warning: Font shape `OMS/cmsy/m/n' in size <50> not available
(Font)              size <51.6> substituted on input line 61.


LaTeX Font Warning: Font shape `OMS/cmsy/m/n' in size <34.99985> not available
(Font)              size <35.83> substituted on input line 61.


LaTeX Font Warning: Font shape `OMX/cmex/m/n' in size <50> not available
(Font)              size <24.88> substituted on input line 61.


LaTeX Font Warning: Font shape `OMX/cmex/m/n' in size <34.99985> not available
(Font)              size <24.88> substituted on input line 61.


LaTeX Font Warning: Font shape `OT1/cmr/bx/n' in size <50> not available
(Font)              size <51.6> substituted on input line 61.


LaTeX Font Warning: Font shape `OT1/cmr/bx/n' in size <34.99985> not available
(Font)              size <35.83> substituted on input line 61.


LaTeX Font Warning: Font shape `OML/cmm/b/it' in size <50> not available
(Font)              size <51.6> substituted on input line 61.


LaTeX Font Warning: Font shape `OML/cmm/b/it' in size <34.99985> not available
(Font)              size <35.83> substituted on input line 61.


LaTeX Font Warning: Font shape `OMS/cmsy/b/n' in size <50> not available
(Font)              size <51.6> substituted on input line 61.


LaTeX Font Warning: Font shape `OMS/cmsy/b/n' in size <34.99985> not available
(Font)              size <35.83> substituted on input line 61.


LaTeX Font Warning: Font shape `OT1/cmr/m/n' in size <48> not available
(Font)              size <51.6> substituted on input line 65.

LaTeX Font Info:    Calculating math sizes for size <48> on input line 66.

LaTeX Font Warning: Font shape `OT1/cmr/m/n' in size <33.59985> not available
(Font)              size <35.83> substituted on input line 66.


LaTeX Font Warning: Font shape `OT1/cmr/m/n' in size <24> not available
(Font)              size <24.88> substituted on input line 66.


LaTeX Font Warning: Font shape `OML/cmm/m/it' in size <48> not available
(Font)              size <51.6> substituted on input line 66.


LaTeX Font Warning: Font shape `OML/cmm/m/it' in size <33.59985> not available
(Font)              size <35.83> substituted on input line 66.


LaTeX Font Warning: Font shape `OML/cmm/m/it' in size <24> not available
(Font)              size <24.88> substituted on input line 66.


LaTeX Font Warning: Font shape `OMS/cmsy/m/n' in size <48> not available
(Font)              size <51.6> substituted on input line 66.


LaTeX Font Warning: Font shape `OMS/cmsy/m/n' in size <33.59985> not available
(Font)              size <35.83> substituted on input line 66.


LaTeX Font Warning: Font shape `OMS/cmsy/m/n' in size <24> not available
(Font)              size <24.88> substituted on input line 66.


LaTeX Font Warning: Font shape `OMX/cmex/m/n' in size <48> not available
(Font)              size <24.88> substituted on input line 66.


LaTeX Font Warning: Font shape `OMX/cmex/m/n' in size <33.59985> not available
(Font)              size <24.88> substituted on input line 66.


LaTeX Font Warning: Font shape `OMX/cmex/m/n' in size <24> not available
(Font)              size <24.88> substituted on input line 66.


LaTeX Font Warning: Font shape `OT1/cmr/bx/n' in size <48> not available
(Font)              size <51.6> substituted on input line 66.


LaTeX Font Warning: Font shape `OT1/cmr/bx/n' in size <33.59985> not available
(Font)              size <35.83> substituted on input line 66.


LaTeX Font Warning: Font shape `OT1/cmr/bx/n' in size <24> not available
(Font)              size <24.88> substituted on input line 66.


LaTeX Font Warning: Font shape `OML/cmm/b/it' in size <48> not available
(Font)              size <51.6> substituted on input line 66.


LaTeX Font Warning: Font shape `OML/cmm/b/it' in size <33.59985> not available
(Font)              size <35.83> substituted on input line 66.


LaTeX Font Warning: Font shape `OML/cmm/b/it' in size <24> not available
(Font)              size <24.88> substituted on input line 66.


LaTeX Font Warning: Font shape `OMS/cmsy/b/n' in size <48> not available
(Font)              size <51.6> substituted on input line 66.


LaTeX Font Warning: Font shape `OMS/cmsy/b/n' in size <33.59985> not available
(Font)              size <35.83> substituted on input line 66.


LaTeX Font Warning: Font shape `OMS/cmsy/b/n' in size <24> not available
(Font)              size <24.88> substituted on input line 66.

(./intro.tex
LaTeX Font Info:    Font shape `JT1/mc/bx/n' in size <35.83> not available
(Font)              Font shape `JT1/gt/m/n' tried instead on input line 14.
LaTeX Font Info:    Font shape `JY1/mc/bx/n' in size <35.83> not available
(Font)              Font shape `JY1/gt/m/n' tried instead on input line 14.
LaTeX Font Info:    Font shape `JT1/mc/bx/n' in size <48> not available
(Font)              Font shape `JT1/gt/m/n' tried instead on input line 14.
LaTeX Font Info:    Font shape `JY1/mc/bx/n' in size <48> not available
(Font)              Font shape `JY1/gt/m/n' tried instead on input line 14.
)
Overfull \hbox (6.68396pt too wide) in paragraph at lines 83--84
[][][]
 []


Underfull \hbox (badness 10000) in paragraph at lines 83--84

 []

(./objective.tex
LaTeX Font Info:    Trying to load font information for OMS+cmss on input line 
20.
LaTeX Font Info:    No file OMScmss.fd. on input line 20.


LaTeX Font Warning: Font shape `OMS/cmss/m/n' undefined
(Font)              using `OMS/cmsy/m/n' instead
(Font)              for symbol `textbullet' on input line 20.

)
Overfull \hbox (6.68396pt too wide) in paragraph at lines 85--86
[][][]
 []


Underfull \hbox (badness 10000) in paragraph at lines 85--86

 []

(./language.tex
LaTeX Font Info:    Font shape `JT1/mc/bx/n' in size <29.86> not available
(Font)              Font shape `JT1/gt/m/n' tried instead on input line 37.
LaTeX Font Info:    Font shape `JY1/mc/bx/n' in size <29.86> not available
(Font)              Font shape `JY1/gt/m/n' tried instead on input line 37.
LaTeX Font Info:    Font shape `JT1/mc/bx/n' in size <40> not available
(Font)              Font shape `JT1/gt/m/n' tried instead on input line 37.
LaTeX Font Info:    Font shape `JY1/mc/bx/n' in size <40> not available
(Font)              Font shape `JY1/gt/m/n' tried instead on input line 37.


LaTeX Font Warning: Font shape `OT1/cmr/bx/n' in size <40> not available
(Font)              size <43.00> substituted on input line 37.

LaTeX Font Info:    Calculating math sizes for size <36> on input line 37.

LaTeX Font Warning: Font shape `OT1/cmr/m/n' in size <18> not available
(Font)              size <17.28> substituted on input line 37.


LaTeX Font Warning: Font shape `OML/cmm/m/it' in size <18> not available
(Font)              size <17.28> substituted on input line 37.


LaTeX Font Warning: Font shape `OMS/cmsy/m/n' in size <18> not available
(Font)              size <17.28> substituted on input line 37.


LaTeX Font Warning: Font shape `OMX/cmex/m/n' in size <36> not available
(Font)              size <24.88> substituted on input line 37.


LaTeX Font Warning: Font shape `OMX/cmex/m/n' in size <18> not available
(Font)              size <17.28> substituted on input line 37.


LaTeX Font Warning: Font shape `OT1/cmr/bx/n' in size <18> not available
(Font)              size <17.28> substituted on input line 37.


LaTeX Font Warning: Font shape `OML/cmm/b/it' in size <18> not available
(Font)              size <17.28> substituted on input line 37.


LaTeX Font Warning: Font shape `OMS/cmsy/b/n' in size <18> not available
(Font)              size <17.28> substituted on input line 37.


Overfull \hbox (8.57854pt too wide) in paragraph at lines 37--37
[][]\OT1/cmss/m/n/35.83 #1[]$Op$[]Name[]([]$#1[][1][]@@[]#1$Op$Name[]([]Length[
])) 
 []


LaTeX Font Warning: Font shape `OT1/cmss/m/n' in size <16> not available
(Font)              size <17.28> substituted on input line 37.

LaTeX Font Info:    Calculating math sizes for size <16> on input line 37.

LaTeX Font Warning: Font shape `OT1/cmr/m/n' in size <16> not available
(Font)              size <17.28> substituted on input line 37.


LaTeX Font Warning: Font shape `OML/cmm/m/it' in size <16> not available
(Font)              size <17.28> substituted on input line 37.


LaTeX Font Warning: Font shape `OMS/cmsy/m/n' in size <16> not available
(Font)              size <17.28> substituted on input line 37.


LaTeX Font Warning: Font shape `OMX/cmex/m/n' in size <16> not available
(Font)              size <17.28> substituted on input line 37.


LaTeX Font Warning: Font shape `OT1/cmr/bx/n' in size <16> not available
(Font)              size <17.28> substituted on input line 37.


LaTeX Font Warning: Font shape `OML/cmm/b/it' in size <16> not available
(Font)              size <17.28> substituted on input line 37.


LaTeX Font Warning: Font shape `OMS/cmsy/b/n' in size <16> not available
(Font)              size <17.28> substituted on input line 37.


LaTeX Font Warning: Font shape `OT1/cmss/m/n' in size <28> not available
(Font)              size <29.86> substituted on input line 37.

)
Overfull \hbox (6.68396pt too wide) in paragraph at lines 87--89
[][][]
 []


Underfull \hbox (badness 10000) in paragraph at lines 87--89

 []

(./operation.tex

LaTeX Font Warning: Font shape `OT1/cmss/m/n' in size <32> not available
(Font)              size <29.86> substituted on input line 78.

LaTeX Font Info:    Calculating math sizes for size <32> on input line 78.

LaTeX Font Warning: Font shape `OT1/cmr/m/n' in size <32> not available
(Font)              size <29.86> substituted on input line 78.


LaTeX Font Warning: Font shape `OT1/cmr/m/n' in size <22.3999> not available
(Font)              size <20.74> substituted on input line 78.


LaTeX Font Warning: Font shape `OML/cmm/m/it' in size <32> not available
(Font)              size <29.86> substituted on input line 78.


LaTeX Font Warning: Font shape `OML/cmm/m/it' in size <22.3999> not available
(Font)              size <20.74> substituted on input line 78.


LaTeX Font Warning: Font shape `OMS/cmsy/m/n' in size <32> not available
(Font)              size <29.86> substituted on input line 78.


LaTeX Font Warning: Font shape `OMS/cmsy/m/n' in size <22.3999> not available
(Font)              size <20.74> substituted on input line 78.


LaTeX Font Warning: Font shape `OMX/cmex/m/n' in size <32> not available
(Font)              size <24.88> substituted on input line 78.


LaTeX Font Warning: Font shape `OMX/cmex/m/n' in size <22.3999> not available
(Font)              size <20.74> substituted on input line 78.


LaTeX Font Warning: Font shape `OT1/cmr/bx/n' in size <32> not available
(Font)              size <29.86> substituted on input line 78.


LaTeX Font Warning: Font shape `OT1/cmr/bx/n' in size <22.3999> not available
(Font)              size <20.74> substituted on input line 78.


LaTeX Font Warning: Font shape `OML/cmm/b/it' in size <32> not available
(Font)              size <29.86> substituted on input line 78.


LaTeX Font Warning: Font shape `OML/cmm/b/it' in size <22.3999> not available
(Font)              size <20.74> substituted on input line 78.


LaTeX Font Warning: Font shape `OMS/cmsy/b/n' in size <32> not available
(Font)              size <29.86> substituted on input line 78.


LaTeX Font Warning: Font shape `OMS/cmsy/b/n' in size <22.3999> not available
(Font)              size <20.74> substituted on input line 78.

File: t1ig.eps Graphic file (type eps)
<t1ig.eps>
LaTeX Font Info:    Font shape `JT1/mc/bx/n' in size <32> not available
(Font)              Font shape `JT1/gt/m/n' tried instead on input line 78.
LaTeX Font Info:    Font shape `JY1/mc/bx/n' in size <32> not available
(Font)              Font shape `JY1/gt/m/n' tried instead on input line 78.


LaTeX Font Warning: Font shape `OT1/cmss/bx/n' in size <32> not available
(Font)              size <29.86> substituted on input line 78.

File: t2ig.eps Graphic file (type eps)
<t2ig.eps>

LaTeX Font Warning: Font shape `OT1/cmss/m/n' in size <20> not available
(Font)              size <20.74> substituted on input line 78.


Underfull \hbox (badness 10000) in paragraph at lines 78--78
[]\OT1/cmss/m/n/20.74 $G$($V$(#0,#1,#2),
 []


Underfull \hbox (badness 10000) in paragraph at lines 78--78
\OT1/cmss/m/n/20.74 $E$($#0($#1,$#2),
 []

LaTeX Font Info:    Calculating math sizes for size <20> on input line 78.

LaTeX Font Warning: Font shape `OT1/cmr/m/n' in size <20> not available
(Font)              size <20.74> substituted on input line 78.


LaTeX Font Warning: Font shape `OT1/cmr/m/n' in size <13.99994> not available
(Font)              size <14.4> substituted on input line 78.


LaTeX Font Warning: Font shape `OML/cmm/m/it' in size <20> not available
(Font)              size <20.74> substituted on input line 78.


LaTeX Font Warning: Font shape `OML/cmm/m/it' in size <13.99994> not available
(Font)              size <14.4> substituted on input line 78.


LaTeX Font Warning: Font shape `OMS/cmsy/m/n' in size <20> not available
(Font)              size <20.74> substituted on input line 78.


LaTeX Font Warning: Font shape `OMS/cmsy/m/n' in size <13.99994> not available
(Font)              size <14.4> substituted on input line 78.


LaTeX Font Warning: Font shape `OMX/cmex/m/n' in size <20> not available
(Font)              size <20.74> substituted on input line 78.


LaTeX Font Warning: Font shape `OMX/cmex/m/n' in size <13.99994> not available
(Font)              size <14.4> substituted on input line 78.


LaTeX Font Warning: Font shape `OT1/cmr/bx/n' in size <20> not available
(Font)              size <20.74> substituted on input line 78.


LaTeX Font Warning: Font shape `OT1/cmr/bx/n' in size <13.99994> not available
(Font)              size <14.4> substituted on input line 78.


LaTeX Font Warning: Font shape `OML/cmm/b/it' in size <20> not available
(Font)              size <20.74> substituted on input line 78.


LaTeX Font Warning: Font shape `OML/cmm/b/it' in size <13.99994> not available
(Font)              size <14.4> substituted on input line 78.


LaTeX Font Warning: Font shape `OMS/cmsy/b/n' in size <20> not available
(Font)              size <20.74> substituted on input line 78.


LaTeX Font Warning: Font shape `OMS/cmsy/b/n' in size <13.99994> not available
(Font)              size <14.4> substituted on input line 78.


Underfull \hbox (badness 10000) in paragraph at lines 78--78
[]\OT1/cmss/m/n/20.74 ,,,3,4,,[:$#0:6$\OMS/cmsy/m/n/20.74 !$\OT1/cmss/m/n/20.74
 2],7,8,,,,,,,
 []


Underfull \hbox (badness 10000) in paragraph at lines 78--78
\OT1/cmss/m/n/20.74 ,,,,,,,[:$#1:7$\OMS/cmsy/m/n/20.74 !$\OT1/cmss/m/n/20.74 3]
,,,,,,,,
 []


Underfull \hbox (badness 10000) in paragraph at lines 78--78
\OT1/cmss/m/n/20.74 ,,,,,,,,[:$#2:8$\OMS/cmsy/m/n/20.74 !$\OT1/cmss/m/n/20.74 4
],,,,,,,
 []


Underfull \hbox (badness 10000) in paragraph at lines 78--78
\OT1/cmss/m/n/20.74 ,,2,,4,,,,,[:$#1:9$\OMS/cmsy/m/n/20.74 !$\OT1/cmss/m/n/20.7
4 3],10,11,,,,
 []


Underfull \hbox (badness 10000) in paragraph at lines 78--78
\OT1/cmss/m/n/20.74 ,,,,,,,,,,[:$#0:10$\OMS/cmsy/m/n/20.74 !$\OT1/cmss/m/n/20.7
4 2],,,,,
 []


Underfull \hbox (badness 10000) in paragraph at lines 78--78
\OT1/cmss/m/n/20.74 ,,,,,,,,,,,[:$#2:11$\OMS/cmsy/m/n/20.74 !$\OT1/cmss/m/n/20.
74 4],,,,
 []


Underfull \hbox (badness 10000) in paragraph at lines 78--78
\OT1/cmss/m/n/20.74 ,,2,3,,,,,,,,,[:$#2:12$\OMS/cmsy/m/n/20.74 !$\OT1/cmss/m/n/
20.74 4],13,14,
 []


Underfull \hbox (badness 10000) in paragraph at lines 78--78
\OT1/cmss/m/n/20.74 ,,,,,,,,,,,,,[:$#0:13$\OMS/cmsy/m/n/20.74 !$\OT1/cmss/m/n/2
0.74 2],,
 []

File: gr1.eps Graphic file (type eps)
<gr1.eps>
Overfull \hbox (8.81625pt too wide) in paragraph at lines 78--78
 [][][] 
 []


Overfull \hbox (2.37553pt too wide) in paragraph at lines 78--78
[]\OT1/cmss/m/n/20.74 (#1$1[2],#2$2[2],$3[3](#4$4[2]));
 []


Underfull \hbox (badness 10000) in paragraph at lines 78--78
[]\OT1/cmss/m/n/20.74 (((Length,Quantity(1,mm)),
 []


Underfull \hbox (badness 10000) in paragraph at lines 78--78
\OT1/cmss/m/n/20.74 (Weight,Quantity(2,kg))),
 []


Underfull \hbox (badness 10000) in paragraph at lines 78--78
\OT1/cmss/m/n/20.74 ((Length,Quantity(322,mm)),
 []


Underfull \hbox (badness 10000) in paragraph at lines 78--78
\OT1/cmss/m/n/20.74 (Weight,Quantity(4,kg))),
 []


Underfull \hbox (badness 10000) in paragraph at lines 78--78
\OT1/cmss/m/n/20.74 ((Length,Quantity(5,mm)),
 []

File: gdb2-2.eps Graphic file (type eps)
<gdb2-2.eps>
Overfull \hbox (1.86098pt too wide) in paragraph at lines 78--78
 [][][] 
 []


Overfull \hbox (6.68396pt too wide) in paragraph at lines 91--79
[][][] 
 []

) (./status.tex
File: convg.eps Graphic file (type eps)
 <convg.eps>
LaTeX Font Info:    Calculating math sizes for size <28> on input line 53.


LaTeX Font Warning: Font shape `OT1/cmr/m/n' in size <28> not available
(Font)              size <29.86> substituted on input line 53.


LaTeX Font Warning: Font shape `OT1/cmr/m/n' in size <19.59991> not available
(Font)              size <20.74> substituted on input line 53.


LaTeX Font Warning: Font shape `OML/cmm/m/it' in size <28> not available
(Font)              size <29.86> substituted on input line 53.


LaTeX Font Warning: Font shape `OML/cmm/m/it' in size <19.59991> not available
(Font)              size <20.74> substituted on input line 53.


LaTeX Font Warning: Font shape `OMS/cmsy/m/n' in size <28> not available
(Font)              size <29.86> substituted on input line 53.


LaTeX Font Warning: Font shape `OMS/cmsy/m/n' in size <19.59991> not available
(Font)              size <20.74> substituted on input line 53.


LaTeX Font Warning: Font shape `OMX/cmex/m/n' in size <28> not available
(Font)              size <24.88> substituted on input line 53.


LaTeX Font Warning: Font shape `OMX/cmex/m/n' in size <19.59991> not available
(Font)              size <20.74> substituted on input line 53.


LaTeX Font Warning: Font shape `OT1/cmr/bx/n' in size <28> not available
(Font)              size <29.86> substituted on input line 53.


LaTeX Font Warning: Font shape `OT1/cmr/bx/n' in size <19.59991> not available
(Font)              size <20.74> substituted on input line 53.


LaTeX Font Warning: Font shape `OML/cmm/b/it' in size <28> not available
(Font)              size <29.86> substituted on input line 53.


LaTeX Font Warning: Font shape `OML/cmm/b/it' in size <19.59991> not available
(Font)              size <20.74> substituted on input line 53.


LaTeX Font Warning: Font shape `OMS/cmsy/b/n' in size <28> not available
(Font)              size <29.86> substituted on input line 53.


LaTeX Font Warning: Font shape `OMS/cmsy/b/n' in size <19.59991> not available
(Font)              size <20.74> substituted on input line 53.

)
Overfull \hbox (6.68396pt too wide) in paragraph at lines 95--96
[][][]
 []


Underfull \hbox (badness 10000) in paragraph at lines 95--96

 []

(./future.tex)
Overfull \hbox (6.68396pt too wide) in paragraph at lines 97--98
[][][]
 []


Underfull \hbox (badness 10000) in paragraph at lines 97--98

 []

(./conclusion.tex)
Overfull \hbox (6.68396pt too wide) in paragraph at lines 99--101
[][][]
 []


Underfull \hbox (badness 10000) in paragraph at lines 99--101

 []

[1

] (./jsims-taikai-2020.aux)

LaTeX Font Warning: Size substitutions with differences
(Font)              up to 25.12pt have occurred.


LaTeX Font Warning: Some font shapes were not available, defaults substituted.

 ) 
Here is how much of TeX's memory you used:
 13316 strings out of 492759
 247855 string characters out of 6140112
 510533 words of memory out of 5000000
 17667 multiletter control sequences out of 15000+600000
 564611 words of font info for 144 fonts, out of 8000000 for 9000
 929 hyphenation exceptions out of 8191
 37i,15n,37p,362b,561s stack positions out of 5000i,500n,10000p,200000b,80000s

Output written on jsims-taikai-2020.dvi (1 page, 12968 bytes).
